Build started 2018/5/11 15:42:19.
     1>Project "D:\vs_project\zlib-1.2.8\contrib\vstudio\vc11\zlibvc.vcxproj" on node 2 (Rebuild target(s)).
     1>PreBuildEvent:
         cd ..\..\masmx86
         bld_ml32.bat
         :VCEnd
         Microsoft (R) Macro Assembler Version 12.00.31101.0
         Copyright (C) Microsoft Corporation.  All rights reserved.
         
          Assembling: match686.asm
          Assembling: inffas32.asm
         Microsoft (R) Macro Assembler Version 12.00.31101.0
         Copyright (C) Microsoft Corporation.  All rights reserved.
         
       ClCompile:
         D:\Program Files (x86)\Microsoft Visual Studio 12.0\VC\bin\CL.exe /c /I..\..\.. /I..\..\masmx86 /Zi /nologo /W3 /WX- /Od /Oy- /D WIN32 /D _CRT_NONSTDC_NO_DEPRECATE /D _CRT_SECURE_NO_DEPRECATE /D _CRT_NONSTDC_NO_WARNINGS /D ZLIB_WINAPI /D ASMV /D _WIN32_WINNT=0x0601 /D ASMINF /D _WINDLL /D _UNICODE /D UNICODE /Gm- /MDd /GS- /fp:precise /Zc:wchar_t /Zc:forScope /Fo"x86\ZlibDllDebug\Tmp\\" /Fd"x86\ZlibDllDebug\vc120.pdb" /Gd /TC /analyze- /errorReport:prompt ..\..\..\adler32.c ..\..\..\compress.c ..\..\..\crc32.c ..\..\..\deflate.c ..\..\..\gzclose.c ..\..\..\gzlib.c ..\..\..\gzread.c ..\..\..\gzwrite.c ..\..\..\infback.c ..\..\..\inffast.c ..\..\..\inflate.c ..\..\..\inftrees.c ..\..\minizip\ioapi.c ..\..\minizip\iowin32.c ..\..\..\trees.c ..\..\..\uncompr.c ..\..\minizip\unzip.c ..\..\minizip\zip.c ..\..\..\zutil.c
         adler32.c
         compress.c
         crc32.c
         deflate.c
         gzclose.c
         gzlib.c
         gzread.c
         gzwrite.c
         infback.c
         inffast.c
         inflate.c
         inftrees.c
         ioapi.c
         iowin32.c
         trees.c
         uncompr.c
         unzip.c
         zip.c
         zutil.c
         Generating Code...
       ResourceCompile:
         C:\Program Files (x86)\Windows Kits\8.1\bin\x86\rc.exe /D _DEBUG /D _UNICODE /D UNICODE /l"0x040c" /nologo /fo"x86\ZlibDllDebug\Tmp\zlib.res" zlib.rc 
       Link:
         D:\Program Files (x86)\Microsoft Visual Studio 12.0\VC\bin\link.exe /ERRORREPORT:PROMPT /OUT:"x86\ZlibDllDebug\zlibwapi.dll" /INCREMENTAL /NOLOGO ..\..\masmx86\match686.obj ..\..\masmx86\inffas32.obj kernel32.lib user32.lib gdi32.lib winspool.lib comdlg32.lib advapi32.lib shell32.lib ole32.lib oleaut32.lib uuid.lib odbc32.lib odbccp32.lib /DEF:".\zlibvc.def" /MANIFEST:NO /DEBUG /PDB:"x86\ZlibDllDebug\zlibwapi.pdb" /MAP:"x86\ZlibDllDebug\zlibwapi.map" /SUBSYSTEM:WINDOWS /TLBID:1 /DYNAMICBASE:NO /IMPLIB:"x86\ZlibDllDebug\zlibwapi.lib" /MACHINE:X86 /SAFESEH:NO /MACHINE:I386 /DLL x86\ZlibDllDebug\Tmp\zlib.res
         x86\ZlibDllDebug\Tmp\adler32.obj
         x86\ZlibDllDebug\Tmp\compress.obj
         x86\ZlibDllDebug\Tmp\crc32.obj
         x86\ZlibDllDebug\Tmp\deflate.obj
         x86\ZlibDllDebug\Tmp\gzclose.obj
         x86\ZlibDllDebug\Tmp\gzlib.obj
         x86\ZlibDllDebug\Tmp\gzread.obj
         x86\ZlibDllDebug\Tmp\gzwrite.obj
         x86\ZlibDllDebug\Tmp\infback.obj
         x86\ZlibDllDebug\Tmp\inffast.obj
         x86\ZlibDllDebug\Tmp\inflate.obj
         x86\ZlibDllDebug\Tmp\inftrees.obj
         x86\ZlibDllDebug\Tmp\ioapi.obj
         x86\ZlibDllDebug\Tmp\iowin32.obj
         x86\ZlibDllDebug\Tmp\trees.obj
         x86\ZlibDllDebug\Tmp\uncompr.obj
         x86\ZlibDllDebug\Tmp\unzip.obj
         x86\ZlibDllDebug\Tmp\zip.obj
         x86\ZlibDllDebug\Tmp\zutil.obj
            Creating library x86\ZlibDllDebug\zlibwapi.lib and object x86\ZlibDllDebug\zlibwapi.exp
         zlibvc.vcxproj -> D:\vs_project\zlib-1.2.8\contrib\vstudio\vc11\x86\ZlibDllDebug\zlibwapi.dll
     1>Done Building Project "D:\vs_project\zlib-1.2.8\contrib\vstudio\vc11\zlibvc.vcxproj" (Rebuild target(s)).

Build succeeded.

Time Elapsed 00:00:04.95
