d:\vs_project\zlib-1.2.8\contrib\vstudio\vc11\x86\zlibdlldebug\vc120.pdb
d:\vs_project\zlib-1.2.8\contrib\vstudio\vc11\x86\zlibdlldebug\tmp\zutil.obj
d:\vs_project\zlib-1.2.8\contrib\vstudio\vc11\x86\zlibdlldebug\tmp\zip.obj
d:\vs_project\zlib-1.2.8\contrib\vstudio\vc11\x86\zlibdlldebug\tmp\unzip.obj
d:\vs_project\zlib-1.2.8\contrib\vstudio\vc11\x86\zlibdlldebug\tmp\uncompr.obj
d:\vs_project\zlib-1.2.8\contrib\vstudio\vc11\x86\zlibdlldebug\tmp\trees.obj
d:\vs_project\zlib-1.2.8\contrib\vstudio\vc11\x86\zlibdlldebug\tmp\iowin32.obj
d:\vs_project\zlib-1.2.8\contrib\vstudio\vc11\x86\zlibdlldebug\tmp\ioapi.obj
d:\vs_project\zlib-1.2.8\contrib\vstudio\vc11\x86\zlibdlldebug\tmp\inftrees.obj
d:\vs_project\zlib-1.2.8\contrib\vstudio\vc11\x86\zlibdlldebug\tmp\inflate.obj
d:\vs_project\zlib-1.2.8\contrib\vstudio\vc11\x86\zlibdlldebug\tmp\inffast.obj
d:\vs_project\zlib-1.2.8\contrib\vstudio\vc11\x86\zlibdlldebug\tmp\infback.obj
d:\vs_project\zlib-1.2.8\contrib\vstudio\vc11\x86\zlibdlldebug\tmp\gzwrite.obj
d:\vs_project\zlib-1.2.8\contrib\vstudio\vc11\x86\zlibdlldebug\tmp\gzread.obj
d:\vs_project\zlib-1.2.8\contrib\vstudio\vc11\x86\zlibdlldebug\tmp\gzlib.obj
d:\vs_project\zlib-1.2.8\contrib\vstudio\vc11\x86\zlibdlldebug\tmp\gzclose.obj
d:\vs_project\zlib-1.2.8\contrib\vstudio\vc11\x86\zlibdlldebug\tmp\deflate.obj
d:\vs_project\zlib-1.2.8\contrib\vstudio\vc11\x86\zlibdlldebug\tmp\crc32.obj
d:\vs_project\zlib-1.2.8\contrib\vstudio\vc11\x86\zlibdlldebug\tmp\compress.obj
d:\vs_project\zlib-1.2.8\contrib\vstudio\vc11\x86\zlibdlldebug\tmp\adler32.obj
d:\vs_project\zlib-1.2.8\contrib\vstudio\vc11\x86\zlibdlldebug\zlibwapi.ilk
d:\vs_project\zlib-1.2.8\contrib\vstudio\vc11\x86\zlibdlldebug\zlibwapi.dll
d:\vs_project\zlib-1.2.8\contrib\vstudio\vc11\x86\zlibdlldebug\zlibwapi.map
d:\vs_project\zlib-1.2.8\contrib\vstudio\vc11\x86\zlibdlldebug\zlibwapi.pdb
d:\vs_project\zlib-1.2.8\contrib\vstudio\vc11\x86\zlibdlldebug\tmp\zlib.res
d:\vs_project\zlib-1.2.8\contrib\vstudio\vc11\x86\zlibdlldebug\zlibwapi.lib
d:\vs_project\zlib-1.2.8\contrib\vstudio\vc11\x86\zlibdlldebug\zlibwapi.exp
d:\vs_project\zlib-1.2.8\contrib\vstudio\vc11\x86\zlibdlldebug\tmp\zlibvc.tlog\cl.command.1.tlog
d:\vs_project\zlib-1.2.8\contrib\vstudio\vc11\x86\zlibdlldebug\tmp\zlibvc.tlog\cl.read.1.tlog
d:\vs_project\zlib-1.2.8\contrib\vstudio\vc11\x86\zlibdlldebug\tmp\zlibvc.tlog\cl.write.1.tlog
d:\vs_project\zlib-1.2.8\contrib\vstudio\vc11\x86\zlibdlldebug\tmp\zlibvc.tlog\link.command.1.tlog
d:\vs_project\zlib-1.2.8\contrib\vstudio\vc11\x86\zlibdlldebug\tmp\zlibvc.tlog\link.read.1.tlog
d:\vs_project\zlib-1.2.8\contrib\vstudio\vc11\x86\zlibdlldebug\tmp\zlibvc.tlog\link.write.1.tlog
d:\vs_project\zlib-1.2.8\contrib\vstudio\vc11\x86\zlibdlldebug\tmp\zlibvc.tlog\rc.command.1.tlog
d:\vs_project\zlib-1.2.8\contrib\vstudio\vc11\x86\zlibdlldebug\tmp\zlibvc.tlog\rc.read.1.tlog
d:\vs_project\zlib-1.2.8\contrib\vstudio\vc11\x86\zlibdlldebug\tmp\zlibvc.tlog\rc.write.1.tlog
d:\vs_project\zlib-1.2.8\contrib\vstudio\vc11\x86\zlibdlldebug\tmp\zlibvc.tlog\zlibvc.write.1u.tlog
