d:\vs_project\zlib-1.2.8\contrib\vstudio\vc11\x86\zlibdllrelease\vc120.pdb
d:\vs_project\zlib-1.2.8\contrib\vstudio\vc11\x86\zlibdllrelease\tmp\zutil.obj
d:\vs_project\zlib-1.2.8\contrib\vstudio\vc11\x86\zlibdllrelease\tmp\uncompr.obj
d:\vs_project\zlib-1.2.8\contrib\vstudio\vc11\x86\zlibdllrelease\tmp\trees.obj
d:\vs_project\zlib-1.2.8\contrib\vstudio\vc11\x86\zlibdllrelease\tmp\iowin32.obj
d:\vs_project\zlib-1.2.8\contrib\vstudio\vc11\x86\zlibdllrelease\tmp\ioapi.obj
d:\vs_project\zlib-1.2.8\contrib\vstudio\vc11\x86\zlibdllrelease\tmp\inftrees.obj
d:\vs_project\zlib-1.2.8\contrib\vstudio\vc11\x86\zlibdllrelease\tmp\inflate.obj
d:\vs_project\zlib-1.2.8\contrib\vstudio\vc11\x86\zlibdllrelease\tmp\inffast.obj
d:\vs_project\zlib-1.2.8\contrib\vstudio\vc11\x86\zlibdllrelease\tmp\infback.obj
d:\vs_project\zlib-1.2.8\contrib\vstudio\vc11\x86\zlibdllrelease\tmp\gzwrite.obj
d:\vs_project\zlib-1.2.8\contrib\vstudio\vc11\x86\zlibdllrelease\tmp\gzread.obj
d:\vs_project\zlib-1.2.8\contrib\vstudio\vc11\x86\zlibdllrelease\tmp\gzlib.obj
d:\vs_project\zlib-1.2.8\contrib\vstudio\vc11\x86\zlibdllrelease\tmp\gzclose.obj
d:\vs_project\zlib-1.2.8\contrib\vstudio\vc11\x86\zlibdllrelease\tmp\deflate.obj
d:\vs_project\zlib-1.2.8\contrib\vstudio\vc11\x86\zlibdllrelease\tmp\crc32.obj
d:\vs_project\zlib-1.2.8\contrib\vstudio\vc11\x86\zlibdllrelease\tmp\compress.obj
d:\vs_project\zlib-1.2.8\contrib\vstudio\vc11\x86\zlibdllrelease\tmp\adler32.obj
d:\vs_project\zlib-1.2.8\contrib\vstudio\vc11\x86\zlibdllrelease\tmp\zip.obj
d:\vs_project\zlib-1.2.8\contrib\vstudio\vc11\x86\zlibdllrelease\tmp\unzip.obj
d:\vs_project\zlib-1.2.8\contrib\vstudio\vc11\x86\zlibdllrelease\zlibwapi.dll
d:\vs_project\zlib-1.2.8\contrib\vstudio\vc11\x86\zlibdllrelease\tmp\adler32.cod
d:\vs_project\zlib-1.2.8\contrib\vstudio\vc11\x86\zlibdllrelease\tmp\compress.cod
d:\vs_project\zlib-1.2.8\contrib\vstudio\vc11\x86\zlibdllrelease\tmp\crc32.cod
d:\vs_project\zlib-1.2.8\contrib\vstudio\vc11\x86\zlibdllrelease\tmp\deflate.cod
d:\vs_project\zlib-1.2.8\contrib\vstudio\vc11\x86\zlibdllrelease\tmp\gzclose.cod
d:\vs_project\zlib-1.2.8\contrib\vstudio\vc11\x86\zlibdllrelease\tmp\gzlib.cod
d:\vs_project\zlib-1.2.8\contrib\vstudio\vc11\x86\zlibdllrelease\tmp\gzread.cod
d:\vs_project\zlib-1.2.8\contrib\vstudio\vc11\x86\zlibdllrelease\tmp\gzwrite.cod
d:\vs_project\zlib-1.2.8\contrib\vstudio\vc11\x86\zlibdllrelease\tmp\infback.cod
d:\vs_project\zlib-1.2.8\contrib\vstudio\vc11\x86\zlibdllrelease\tmp\inffast.cod
d:\vs_project\zlib-1.2.8\contrib\vstudio\vc11\x86\zlibdllrelease\tmp\inflate.cod
d:\vs_project\zlib-1.2.8\contrib\vstudio\vc11\x86\zlibdllrelease\tmp\inftrees.cod
d:\vs_project\zlib-1.2.8\contrib\vstudio\vc11\x86\zlibdllrelease\tmp\ioapi.cod
d:\vs_project\zlib-1.2.8\contrib\vstudio\vc11\x86\zlibdllrelease\tmp\iowin32.cod
d:\vs_project\zlib-1.2.8\contrib\vstudio\vc11\x86\zlibdllrelease\tmp\trees.cod
d:\vs_project\zlib-1.2.8\contrib\vstudio\vc11\x86\zlibdllrelease\tmp\uncompr.cod
d:\vs_project\zlib-1.2.8\contrib\vstudio\vc11\x86\zlibdllrelease\tmp\unzip.cod
d:\vs_project\zlib-1.2.8\contrib\vstudio\vc11\x86\zlibdllrelease\tmp\zip.cod
d:\vs_project\zlib-1.2.8\contrib\vstudio\vc11\x86\zlibdllrelease\tmp\zutil.cod
d:\vs_project\zlib-1.2.8\contrib\vstudio\vc11\x86\zlibdllrelease\zlibwapi.map
d:\vs_project\zlib-1.2.8\contrib\vstudio\vc11\x86\zlibdllrelease\tmp\zlib.res
d:\vs_project\zlib-1.2.8\contrib\vstudio\vc11\x86\zlibdllrelease\zlibwapi.lib
d:\vs_project\zlib-1.2.8\contrib\vstudio\vc11\x86\zlibdllrelease\zlibwapi.exp
d:\vs_project\zlib-1.2.8\contrib\vstudio\vc11\x86\zlibdllrelease\tmp\zlibvc.tlog\cl.command.1.tlog
d:\vs_project\zlib-1.2.8\contrib\vstudio\vc11\x86\zlibdllrelease\tmp\zlibvc.tlog\cl.read.1.tlog
d:\vs_project\zlib-1.2.8\contrib\vstudio\vc11\x86\zlibdllrelease\tmp\zlibvc.tlog\cl.write.1.tlog
d:\vs_project\zlib-1.2.8\contrib\vstudio\vc11\x86\zlibdllrelease\tmp\zlibvc.tlog\link.command.1.tlog
d:\vs_project\zlib-1.2.8\contrib\vstudio\vc11\x86\zlibdllrelease\tmp\zlibvc.tlog\link.read.1.tlog
d:\vs_project\zlib-1.2.8\contrib\vstudio\vc11\x86\zlibdllrelease\tmp\zlibvc.tlog\link.write.1.tlog
d:\vs_project\zlib-1.2.8\contrib\vstudio\vc11\x86\zlibdllrelease\tmp\zlibvc.tlog\rc.command.1.tlog
d:\vs_project\zlib-1.2.8\contrib\vstudio\vc11\x86\zlibdllrelease\tmp\zlibvc.tlog\rc.read.1.tlog
d:\vs_project\zlib-1.2.8\contrib\vstudio\vc11\x86\zlibdllrelease\tmp\zlibvc.tlog\rc.write.1.tlog
d:\vs_project\zlib-1.2.8\contrib\vstudio\vc11\x86\zlibdllrelease\tmp\zlibvc.tlog\zlibvc.write.1u.tlog
